# JRE version: OpenJDK Runtime Environment (8.0_76-b03) (build 1.8.0_76-release-b03)
# Java VM: OpenJDK 64-Bit Server VM (25.76-b03 mixed mode windows-amd64 compressed oops)
Heap:
 PSYoungGen      total 222720K, used 181158K [0x00000000eab00000, 0x0000000100000000, 0x0000000100000000)
  eden space 150528K, 81% used [0x00000000eab00000,0x00000000f23437e0,0x00000000f3e00000)
  from space 72192K, 80% used [0x00000000fb980000,0x00000000ff226228,0x0000000100000000)
  to   space 99328K, 0% used [0x00000000f3e00000,0x00000000f3e00000,0x00000000f9f00000)
 ParOldGen       total 267776K, used 141272K [0x00000000c0000000, 0x00000000d0580000, 0x00000000eab00000)
  object space 267776K, 52% used [0x00000000c0000000,0x00000000c89f6170,0x00000000d0580000)
 Metaspace       used 6226K, capacity 7216K, committed 7296K, reserved 1056768K
  class space    used 578K, capacity 616K, committed 640K, reserved 1048576K
GC Heap History (10 events):
Event: 6.259 GC heap before
{Heap before GC invocations=8 (full 1):
 PSYoungGen      total 206336K, used 205876K [0x00000000eab00000, 0x00000000ff080000, 0x0000000100000000)
  eden space 175616K, 100% used [0x00000000eab00000,0x00000000f5680000,0x00000000f5680000)
  from space 30720K, 98% used [0x00000000fd280000,0x00000000ff00d290,0x00000000ff080000)
  to   space 43520K, 0% used [0x00000000f9b80000,0x00000000f9b80000,0x00000000fc600000)
 ParOldGen       total 141312K, used 51880K [0x00000000c0000000, 0x00000000c8a00000, 0x00000000eab00000)
  object space 141312K, 36% used [0x00000000c0000000,0x00000000c32aa2d0,0x00000000c8a00000)
 Metaspace       used 6033K, capacity 7152K, committed 7296K, reserved 1056768K
  class space    used 558K, capacity 616K, committed 640K, reserved 1048576K
Event: 6.327 GC heap after
Heap after GC invocations=8 (full 1):
 PSYoungGen      total 279552K, used 43503K [0x00000000eab00000, 0x0000000100000000, 0x0000000100000000)
  eden space 236032K, 0% used [0x00000000eab00000,0x00000000eab00000,0x00000000f9180000)
  from space 43520K, 99% used [0x00000000f9b80000,0x00000000fc5fbc90,0x00000000fc600000)
  to   space 57344K, 0% used [0x00000000fc800000,0x00000000fc800000,0x0000000100000000)
 ParOldGen       total 141312K, used 62240K [0x00000000c0000000, 0x00000000c8a00000, 0x00000000eab00000)
  object space 141312K, 44% used [0x00000000c0000000,0x00000000c3cc83a0,0x00000000c8a00000)
 Metaspace       used 6033K, capacity 7152K, committed 7296K, reserved 1056768K
  class space    used 558K, capacity 616K, committed 640K, reserved 1048576K
}
Event: 7.741 GC heap before
{Heap before GC invocations=9 (full 1):
 PSYoungGen      total 279552K, used 279535K [0x00000000eab00000, 0x0000000100000000, 0x0000000100000000)
  eden space 236032K, 100% used [0x00000000eab00000,0x00000000f9180000,0x00000000f9180000)
  from space 43520K, 99% used [0x00000000f9b80000,0x00000000fc5fbc90,0x00000000fc600000)
  to   space 57344K, 0% used [0x00000000fc800000,0x00000000fc800000,0x0000000100000000)
 ParOldGen       total 141312K, used 62240K [0x00000000c0000000, 0x00000000c8a00000, 0x00000000eab00000)
  object space 141312K, 44% used [0x00000000c0000000,0x00000000c3cc83a0,0x00000000c8a00000)
 Metaspace       used 6209K, capacity 7216K, committed 7296K, reserved 1056768K
  class space    used 578K, capacity 616K, committed 640K, reserved 1048576K
Event: 7.869 GC heap after
Heap after GC invocations=9 (full 1):
 PSYoungGen      total 262144K, used 57338K [0x00000000eab00000, 0x0000000100000000, 0x0000000100000000)
  eden space 204800K, 0% used [0x00000000eab00000,0x00000000eab00000,0x00000000f7300000)
  from space 57344K, 99% used [0x00000000fc800000,0x00000000ffffeb88,0x0000000100000000)
  to   space 72192K, 0% used [0x00000000f7300000,0x00000000f7300000,0x00000000fb980000)
 ParOldGen       total 141312K, used 73157K [0x00000000c0000000, 0x00000000c8a00000, 0x00000000eab00000)
  object space 141312K, 51% used [0x00000000c0000000,0x00000000c4771460,0x00000000c8a00000)
 Metaspace       used 6209K, capacity 7216K, committed 7296K, reserved 1056768K
  class space    used 578K, capacity 616K, committed 640K, reserved 1048576K
}
Event: 8.860 GC heap before
{Heap before GC invocations=10 (full 1):
 PSYoungGen      total 262144K, used 262138K [0x00000000eab00000, 0x0000000100000000, 0x0000000100000000)
  eden space 204800K, 100% used [0x00000000eab00000,0x00000000f7300000,0x00000000f7300000)
  from space 57344K, 99% used [0x00000000fc800000,0x00000000ffffeb88,0x0000000100000000)
  to   space 72192K, 0% used [0x00000000f7300000,0x00000000f7300000,0x00000000fb980000)
 ParOldGen       total 141312K, used 73157K [0x00000000c0000000, 0x00000000c8a00000, 0x00000000eab00000)
  object space 141312K, 51% used [0x00000000c0000000,0x00000000c4771460,0x00000000c8a00000)
 Metaspace       used 6220K, capacity 7216K, committed 7296K, reserved 1056768K
  class space    used 578K, capacity 616K, committed 640K, reserved 1048576K
Event: 9.009 GC heap after
Heap after GC invocations=10 (full 1):
 PSYoungGen      total 276992K, used 72163K [0x00000000eab00000, 0x0000000100000000, 0x0000000100000000)
  eden space 204800K, 0% used [0x00000000eab00000,0x00000000eab00000,0x00000000f7300000)
  from space 72192K, 99% used [0x00000000f7300000,0x00000000fb978f70,0x00000000fb980000)
  to   space 72192K, 0% used [0x00000000fb980000,0x00000000fb980000,0x0000000100000000)
 ParOldGen       total 141312K, used 107257K [0x00000000c0000000, 0x00000000c8a00000, 0x00000000eab00000)
  object space 141312K, 75% used [0x00000000c0000000,0x00000000c68be5e8,0x00000000c8a00000)
 Metaspace       used 6220K, capacity 7216K, committed 7296K, reserved 1056768K
  class space    used 578K, capacity 616K, committed 640K, reserved 1048576K
}
Event: 9.009 GC heap before
{Heap before GC invocations=11 (full 2):
 PSYoungGen      total 276992K, used 72163K [0x00000000eab00000, 0x0000000100000000, 0x0000000100000000)
  eden space 204800K, 0% used [0x00000000eab00000,0x00000000eab00000,0x00000000f7300000)
  from space 72192K, 99% used [0x00000000f7300000,0x00000000fb978f70,0x00000000fb980000)
  to   space 72192K, 0% used [0x00000000fb980000,0x00000000fb980000,0x0000000100000000)
 ParOldGen       total 141312K, used 107257K [0x00000000c0000000, 0x00000000c8a00000, 0x00000000eab00000)
  object space 141312K, 75% used [0x00000000c0000000,0x00000000c68be5e8,0x00000000c8a00000)
 Metaspace       used 6220K, capacity 7216K, committed 7296K, reserved 1056768K
  class space    used 578K, capacity 616K, committed 640K, reserved 1048576K
Event: 10.396 GC heap after
Heap after GC invocations=11 (full 2):
 PSYoungGen      total 276992K, used 11639K [0x00000000eab00000, 0x0000000100000000, 0x0000000100000000)
  eden space 204800K, 0% used [0x00000000eab00000,0x00000000eab00000,0x00000000f7300000)
  from space 72192K, 16% used [0x00000000f7300000,0x00000000f7e5dda0,0x00000000fb980000)
  to   space 72192K, 0% used [0x00000000fb980000,0x00000000fb980000,0x0000000100000000)
 ParOldGen       total 267776K, used 141256K [0x00000000c0000000, 0x00000000d0580000, 0x00000000eab00000)
  object space 267776K, 52% used [0x00000000c0000000,0x00000000c89f2170,0x00000000d0580000)
 Metaspace       used 6220K, capacity 7216K, committed 7296K, reserved 1056768K
  class space    used 578K, capacity 616K, committed 640K, reserved 1048576K
}
Event: 11.232 GC heap before
{Heap before GC invocations=12 (full 2):
 PSYoungGen      total 276992K, used 216439K [0x00000000eab00000, 0x0000000100000000, 0x0000000100000000)
  eden space 204800K, 100% used [0x00000000eab00000,0x00000000f7300000,0x00000000f7300000)
  from space 72192K, 16% used [0x00000000f7300000,0x00000000f7e5dda0,0x00000000fb980000)
  to   space 72192K, 0% used [0x00000000fb980000,0x00000000fb980000,0x0000000100000000)
 ParOldGen       total 267776K, used 141256K [0x00000000c0000000, 0x00000000d0580000, 0x00000000eab00000)
  object space 267776K, 52% used [0x00000000c0000000,0x00000000c89f2170,0x00000000d0580000)
 Metaspace       used 6225K, capacity 7216K, committed 7296K, reserved 1056768K
  class space    used 578K, capacity 616K, committed 640K, reserved 1048576K
Event: 11.339 GC heap after
Heap after GC invocations=12 (full 2):
 PSYoungGen      total 222720K, used 58008K [0x00000000eab00000, 0x0000000100000000, 0x0000000100000000)
  eden space 150528K, 0% used [0x00000000eab00000,0x00000000eab00000,0x00000000f3e00000)
  from space 72192K, 80% used [0x00000000fb980000,0x00000000ff226228,0x0000000100000000)
  to   space 99328K, 0% used [0x00000000f3e00000,0x00000000f3e00000,0x00000000f9f00000)
 ParOldGen       total 267776K, used 141272K [0x00000000c0000000, 0x00000000d0580000, 0x00000000eab00000)
  object space 267776K, 52% used [0x00000000c0000000,0x00000000c89f6170,0x00000000d0580000)
 Metaspace       used 6225K, capacity 7216K, committed 7296K, reserved 1056768K
  class space    used 578K, capacity 616K, committed 640K, reserved 1048576K
}

